[CREATE_NOTIF] User: Jayveeamaro, Type: task_status_updated, Title: Task Status Updated
[CREATE_NOTIF] OK Created notification ID: 586
[CREATE_NOTIF] User: prodmanager, Type: task_status_updated, Title: Task Updated
[CREATE_NOTIF] OK Created notification ID: 587
[CREATE_NOTIF] User: Jayveeamaro, Type: task_status_updated, Title: Task Status Updated
[CREATE_NOTIF] OK Created notification ID: 588
[CREATE_NOTIF] User: prodmanager, Type: task_status_updated, Title: Task Updated
[CREATE_NOTIF] OK Created notification ID: 589
[CREATE_NOTIF] User: Jayveeamaro, Type: task_status_updated, Title: Task Status Updated
[CREATE_NOTIF] OK Created notification ID: 590
[CREATE_NOTIF] User: prodmanager, Type: task_status_updated, Title: Task Updated
[CREATE_NOTIF] OK Created notification ID: 591
[CREATE_NOTIF] User: Jayveeamaro, Type: task_status_updated, Title: Task Status Updated
[CREATE_NOTIF] OK Created notification ID: 592
[CREATE_NOTIF] User: prodmanager, Type: task_status_updated, Title: Task Updated
[CREATE_NOTIF] OK Created notification ID: 593
[CREATE_NOTIF] User: Jayveeamaro, Type: task_status_updated, Title: Task Status Updated
[CREATE_NOTIF] OK Created notification ID: 594
[CREATE_NOTIF] User: prodmanager, Type: task_status_updated, Title: Task Updated
[CREATE_NOTIF] OK Created notification ID: 595
[CREATE_NOTIF] User: Jayveeamaro, Type: task_status_updated, Title: Task Status Updated
[CREATE_NOTIF] OK Created notification ID: 596
[CREATE_NOTIF] User: prodmanager, Type: task_status_updated, Title: Task Updated
[CREATE_NOTIF] OK Created notification ID: 597
[CREATE_NOTIF] User: Jayveeamaro, Type: task_status_updated, Title: Task Status Updated
[CREATE_NOTIF] OK Created notification ID: 598
[CREATE_NOTIF] User: prodmanager, Type: task_status_updated, Title: Task Updated
[CREATE_NOTIF] OK Created notification ID: 599
[CREATE_NOTIF] User: Jayveeamaro, Type: task_status_updated, Title: Task Status Updated
[CREATE_NOTIF] OK Created notification ID: 600
[CREATE_NOTIF] User: prodmanager, Type: task_status_updated, Title: Task Updated
[CREATE_NOTIF] OK Created notification ID: 601
[CREATE_NOTIF] User: Jayveeamaro, Type: task_status_updated, Title: Task Status Updated
[CREATE_NOTIF] OK Created notification ID: 602
[CREATE_NOTIF] User: prodmanager, Type: task_status_updated, Title: Task Updated
[CREATE_NOTIF] OK Created notification ID: 603
[CREATE_NOTIF] User: Jayveeamaro, Type: task_status_updated, Title: Task Status Updated
[CREATE_NOTIF] OK Created notification ID: 604
[CREATE_NOTIF] User: prodmanager, Type: task_status_updated, Title: Task Updated
[CREATE_NOTIF] OK Created notification ID: 605
[CREATE_NOTIF] User: Jayveeamaro, Type: task_status_updated, Title: Task Status Updated
[CREATE_NOTIF] OK Created notification ID: 606
[CREATE_NOTIF] User: prodmanager, Type: task_status_updated, Title: Task Updated
[CREATE_NOTIF] OK Created notification ID: 607
[CREATE_NOTIF] User: Jayveeamaro, Type: request_created, Title: New Request Assigned
[CREATE_NOTIF] OK Created notification ID: 608
[CREATE_NOTIF] User: testadmin, Type: request_created, Title: New Request Created by Admin
[CREATE_NOTIF] OK Created notification ID: 609
[CREATE_NOTIF] User: Jayveeamaro, Type: request_created, Title: New Request Assigned
[CREATE_NOTIF] OK Created notification ID: 610
[CREATE_NOTIF] User: testadmin, Type: request_created, Title: New Request Created by Admin
[CREATE_NOTIF] OK Created notification ID: 611
[CREATE_NOTIF] User: Jayveeamaro, Type: request_created, Title: New Request Assigned
[CREATE_NOTIF] OK Created notification ID: 612
[CREATE_NOTIF] User: testadmin, Type: request_created, Title: New Request Created by Admin
[CREATE_NOTIF] OK Created notification ID: 613
[CREATE_NOTIF] User: Jayveeamaro, Type: project_started, Title: Project Started for Request #74
[CREATE_NOTIF] OK Created notification ID: 614
[CREATE_NOTIF] User: prodmanager, Type: project_started, Title: Project Started for Request #74
[CREATE_NOTIF] OK Created notification ID: 615
[CREATE_NOTIF] User: admin_user, Type: project_started, Title: Project Started for Request #74
[CREATE_NOTIF] OK Created notification ID: 616
[CREATE_NOTIF] User: testadmin, Type: project_started, Title: Project Started for Request #74
[CREATE_NOTIF] OK Created notification ID: 617
[CREATE_NOTIF] User: Jayveeamaro, Type: task_status_updated, Title: Task Status Updated
[CREATE_NOTIF] OK Created notification ID: 618
[CREATE_NOTIF] User: prodmanager, Type: task_status_updated, Title: Task Updated
[CREATE_NOTIF] OK Created notification ID: 619
[CREATE_NOTIF] User: Jayveeamaro, Type: task_status_updated, Title: Task Status Updated
[CREATE_NOTIF] OK Created notification ID: 620
[CREATE_NOTIF] User: prodmanager, Type: task_status_updated, Title: Task Updated
[CREATE_NOTIF] OK Created notification ID: 621
[CREATE_NOTIF] User: Jayveeamaro, Type: task_status_updated, Title: Task Status Updated
[CREATE_NOTIF] OK Created notification ID: 622
[CREATE_NOTIF] User: prodmanager, Type: task_status_updated, Title: Task Updated
[CREATE_NOTIF] OK Created notification ID: 623
[CREATE_NOTIF] User: Jayveeamaro, Type: task_status_updated, Title: Task Status Updated
[CREATE_NOTIF] OK Created notification ID: 624
[CREATE_NOTIF] User: prodmanager, Type: task_status_updated, Title: Task Updated
[CREATE_NOTIF] OK Created notification ID: 625
[CREATE_NOTIF] User: Jayveeamaro, Type: task_status_updated, Title: Task Status Updated
[CREATE_NOTIF] OK Created notification ID: 626
[CREATE_NOTIF] User: prodmanager, Type: task_status_updated, Title: Task Updated
[CREATE_NOTIF] OK Created notification ID: 627
[CREATE_NOTIF] User: Jayveeamaro, Type: task_status_updated, Title: Task Status Updated
[CREATE_NOTIF] OK Created notification ID: 628
[CREATE_NOTIF] User: prodmanager, Type: task_status_updated, Title: Task Updated
[CREATE_NOTIF] OK Created notification ID: 629
[CREATE_NOTIF] User: Jayveeamaro, Type: task_status_updated, Title: Task Status Updated
[CREATE_NOTIF] OK Created notification ID: 630
[CREATE_NOTIF] User: prodmanager, Type: task_status_updated, Title: Task Updated
[CREATE_NOTIF] OK Created notification ID: 631
[CREATE_NOTIF] User: Jayveeamaro, Type: task_status_updated, Title: Task Status Updated
[CREATE_NOTIF] OK Created notification ID: 632
[CREATE_NOTIF] User: prodmanager, Type: task_status_updated, Title: Task Updated
[CREATE_NOTIF] OK Created notification ID: 633
[CREATE_NOTIF] User: Jayveeamaro, Type: task_status_updated, Title: Task Status Updated
[CREATE_NOTIF] OK Created notification ID: 634
[CREATE_NOTIF] User: prodmanager, Type: task_status_updated, Title: Task Updated
[CREATE_NOTIF] OK Created notification ID: 635
[CREATE_NOTIF] User: Jayveeamaro, Type: task_status_updated, Title: Task Status Updated
[CREATE_NOTIF] OK Created notification ID: 636
[CREATE_NOTIF] User: prodmanager, Type: task_status_updated, Title: Task Updated
[CREATE_NOTIF] OK Created notification ID: 637
[CREATE_NOTIF] User: Jayveeamaro, Type: task_status_updated, Title: Task Status Updated
[CREATE_NOTIF] OK Created notification ID: 638
[CREATE_NOTIF] User: prodmanager, Type: task_status_updated, Title: Task Updated
[CREATE_NOTIF] OK Created notification ID: 639
[CREATE_NOTIF] User: Jayveeamaro, Type: task_status_updated, Title: Task Status Updated
[CREATE_NOTIF] OK Created notification ID: 640
[CREATE_NOTIF] User: prodmanager, Type: task_status_updated, Title: Task Updated
[CREATE_NOTIF] OK Created notification ID: 641
[CREATE_NOTIF] User: Jayveeamaro, Type: task_status_updated, Title: Task Status Updated
[CREATE_NOTIF] OK Created notification ID: 642
[CREATE_NOTIF] User: prodmanager, Type: task_status_updated, Title: Task Updated
[CREATE_NOTIF] OK Created notification ID: 643
[CREATE_NOTIF] User: Jayveeamaro, Type: product_completed, Title: Product Completed: BRACKET STAND-0556
[CREATE_NOTIF] OK Created notification ID: 644
[CREATE_NOTIF] User: admin_user, Type: product_completed, Title: Product Completed: BRACKET STAND-0556
[CREATE_NOTIF] OK Created notification ID: 645
[CREATE_NOTIF] User: testadmin, Type: product_completed, Title: Product Completed: BRACKET STAND-0556
[CREATE_NOTIF] OK Created notification ID: 646
[CREATE_NOTIF] User: Jayveeamaro, Type: product_completed, Title: Product Completed: BRACKET MUFFLER- DP 069
[CREATE_NOTIF] OK Created notification ID: 647
[CREATE_NOTIF] User: admin_user, Type: product_completed, Title: Product Completed: BRACKET MUFFLER- DP 069
[CREATE_NOTIF] OK Created notification ID: 648
[CREATE_NOTIF] User: testadmin, Type: product_completed, Title: Product Completed: BRACKET MUFFLER- DP 069
[CREATE_NOTIF] OK Created notification ID: 649
[CREATE_NOTIF] User: Jayveeamaro, Type: product_completed, Title: Product Completed: BRACKET MUFFLER- DP 069
[CREATE_NOTIF] OK Created notification ID: 650
[CREATE_NOTIF] User: admin_user, Type: product_completed, Title: Product Completed: BRACKET MUFFLER- DP 069
[CREATE_NOTIF] OK Created notification ID: 651
[CREATE_NOTIF] User: testadmin, Type: product_completed, Title: Product Completed: BRACKET MUFFLER- DP 069
[CREATE_NOTIF] OK Created notification ID: 652
[CREATE_NOTIF] User: Jayveeamaro, Type: product_completed, Title: Product Completed: BRACKET MUFFLER- DP 069
[CREATE_NOTIF] OK Created notification ID: 653
[CREATE_NOTIF] User: admin_user, Type: product_completed, Title: Product Completed: BRACKET MUFFLER- DP 069
[CREATE_NOTIF] OK Created notification ID: 654
[CREATE_NOTIF] User: testadmin, Type: product_completed, Title: Product Completed: BRACKET MUFFLER- DP 069
[CREATE_NOTIF] OK Created notification ID: 655
[CREATE_NOTIF] User: Jayveeamaro, Type: product_completed, Title: Product Completed: BRACKET MUFFLER- DP 069
[CREATE_NOTIF] OK Created notification ID: 656
[CREATE_NOTIF] User: admin_user, Type: product_completed, Title: Product Completed: BRACKET MUFFLER- DP 069
[CREATE_NOTIF] OK Created notification ID: 657
[CREATE_NOTIF] User: testadmin, Type: product_completed, Title: Product Completed: BRACKET MUFFLER- DP 069
[CREATE_NOTIF] OK Created notification ID: 658
[CREATE_NOTIF] User: Jayveeamaro, Type: product_completed, Title: Product Completed: BRACKET STAND-0556
[CREATE_NOTIF] OK Created notification ID: 659
[CREATE_NOTIF] User: admin_user, Type: product_completed, Title: Product Completed: BRACKET STAND-0556
[CREATE_NOTIF] OK Created notification ID: 660
[CREATE_NOTIF] User: testadmin, Type: product_completed, Title: Product Completed: BRACKET STAND-0556
[CREATE_NOTIF] OK Created notification ID: 661
[CREATE_NOTIF] User: Jayveeamaro, Type: product_completed, Title: Product Completed: BRACKET MUFFLER- DP 069
[CREATE_NOTIF] OK Created notification ID: 662
[CREATE_NOTIF] User: admin_user, Type: product_completed, Title: Product Completed: BRACKET MUFFLER- DP 069
[CREATE_NOTIF] OK Created notification ID: 663
[CREATE_NOTIF] User: testadmin, Type: product_completed, Title: Product Completed: BRACKET MUFFLER- DP 069
[CREATE_NOTIF] OK Created notification ID: 664
[CREATE_NOTIF] User: Jayveeamaro, Type: task_status_updated, Title: Task Status Updated
[CREATE_NOTIF] OK Created notification ID: 665
[CREATE_NOTIF] User: prodmanager, Type: task_status_updated, Title: Task Updated
[CREATE_NOTIF] OK Created notification ID: 666
[CREATE_NOTIF] User: Jayveeamaro, Type: task_status_updated, Title: Task Status Updated
[CREATE_NOTIF] OK Created notification ID: 667
[CREATE_NOTIF] User: prodmanager, Type: task_status_updated, Title: Task Updated
[CREATE_NOTIF] OK Created notification ID: 668
[CREATE_NOTIF] User: Jayveeamaro, Type: task_status_updated, Title: Task Status Updated
[CREATE_NOTIF] OK Created notification ID: 669
[CREATE_NOTIF] User: prodmanager, Type: task_status_updated, Title: Task Updated
[CREATE_NOTIF] OK Created notification ID: 670
[CREATE_NOTIF] User: Jayveeamaro, Type: task_status_updated, Title: Task Status Updated
[CREATE_NOTIF] OK Created notification ID: 671
[CREATE_NOTIF] User: prodmanager, Type: task_status_updated, Title: Task Updated
[CREATE_NOTIF] OK Created notification ID: 672
[CREATE_NOTIF] User: Jayveeamaro, Type: task_status_updated, Title: Task Status Updated
[CREATE_NOTIF] OK Created notification ID: 673
[CREATE_NOTIF] User: prodmanager, Type: task_status_updated, Title: Task Updated
[CREATE_NOTIF] OK Created notification ID: 674
[CREATE_NOTIF] User: Jayveeamaro, Type: task_status_updated, Title: Task Status Updated
[CREATE_NOTIF] OK Created notification ID: 675
[CREATE_NOTIF] User: prodmanager, Type: task_status_updated, Title: Task Updated
[CREATE_NOTIF] OK Created notification ID: 676
[CREATE_NOTIF] User: Jayveeamaro, Type: task_status_updated, Title: Task Status Updated
[CREATE_NOTIF] OK Created notification ID: 677
[CREATE_NOTIF] User: prodmanager, Type: task_status_updated, Title: Task Updated
[CREATE_NOTIF] OK Created notification ID: 678
[CREATE_NOTIF] User: Jayveeamaro, Type: task_status_updated, Title: Task Status Updated
[CREATE_NOTIF] OK Created notification ID: 679
[CREATE_NOTIF] User: prodmanager, Type: task_status_updated, Title: Task Updated
[CREATE_NOTIF] OK Created notification ID: 680
[CREATE_NOTIF] User: Jayveeamaro, Type: task_status_updated, Title: Task Status Updated
[CREATE_NOTIF] OK Created notification ID: 681
[CREATE_NOTIF] User: prodmanager, Type: task_status_updated, Title: Task Updated
[CREATE_NOTIF] OK Created notification ID: 682
[CREATE_NOTIF] User: Jayveeamaro, Type: task_status_updated, Title: Task Status Updated
[CREATE_NOTIF] OK Created notification ID: 683
[CREATE_NOTIF] User: prodmanager, Type: task_status_updated, Title: Task Updated
[CREATE_NOTIF] OK Created notification ID: 684
[CREATE_NOTIF] User: Jayveeamaro, Type: task_status_updated, Title: Task Status Updated
[CREATE_NOTIF] OK Created notification ID: 685
[CREATE_NOTIF] User: prodmanager, Type: task_status_updated, Title: Task Updated
[CREATE_NOTIF] OK Created notification ID: 686
[CREATE_NOTIF] User: Jayveeamaro, Type: task_status_updated, Title: Task Status Updated
[CREATE_NOTIF] OK Created notification ID: 687
[CREATE_NOTIF] User: prodmanager, Type: task_status_updated, Title: Task Updated
[CREATE_NOTIF] OK Created notification ID: 688
[CREATE_NOTIF] User: Jayveeamaro, Type: task_status_updated, Title: Task Status Updated
[CREATE_NOTIF] OK Created notification ID: 689
[CREATE_NOTIF] User: prodmanager, Type: task_status_updated, Title: Task Updated
[CREATE_NOTIF] OK Created notification ID: 690
[CREATE_NOTIF] User: Jayveeamaro, Type: task_status_updated, Title: Task Status Updated
[CREATE_NOTIF] OK Created notification ID: 691
[CREATE_NOTIF] User: prodmanager, Type: task_status_updated, Title: Task Updated
[CREATE_NOTIF] OK Created notification ID: 692
[CREATE_NOTIF] User: Jayveeamaro, Type: task_status_updated, Title: Task Status Updated
[CREATE_NOTIF] OK Created notification ID: 693
[CREATE_NOTIF] User: prodmanager, Type: task_status_updated, Title: Task Updated
[CREATE_NOTIF] OK Created notification ID: 694
[CREATE_NOTIF] User: Jayveeamaro, Type: task_status_updated, Title: Task Status Updated
[CREATE_NOTIF] OK Created notification ID: 695
[CREATE_NOTIF] User: prodmanager, Type: task_status_updated, Title: Task Updated
[CREATE_NOTIF] OK Created notification ID: 696
[CREATE_NOTIF] User: Jayveeamaro, Type: task_status_updated, Title: Task Status Updated
[CREATE_NOTIF] OK Created notification ID: 697
[CREATE_NOTIF] User: prodmanager, Type: task_status_updated, Title: Task Updated
[CREATE_NOTIF] OK Created notification ID: 698
[CREATE_NOTIF] User: Jayveeamaro, Type: task_status_updated, Title: Task Status Updated
[CREATE_NOTIF] OK Created notification ID: 699
[CREATE_NOTIF] User: prodmanager, Type: task_status_updated, Title: Task Updated
[CREATE_NOTIF] OK Created notification ID: 700
[CREATE_NOTIF] User: Jayveeamaro, Type: task_status_updated, Title: Task Status Updated
[CREATE_NOTIF] OK Created notification ID: 701
[CREATE_NOTIF] User: prodmanager, Type: task_status_updated, Title: Task Updated
[CREATE_NOTIF] OK Created notification ID: 702
[CREATE_NOTIF] User: Jayveeamaro, Type: task_status_updated, Title: Task Status Updated
[CREATE_NOTIF] OK Created notification ID: 703
[CREATE_NOTIF] User: prodmanager, Type: task_status_updated, Title: Task Updated
[CREATE_NOTIF] OK Created notification ID: 704
[CREATE_NOTIF] User: Jayveeamaro, Type: task_status_updated, Title: Task Status Updated
[CREATE_NOTIF] OK Created notification ID: 705
[CREATE_NOTIF] User: prodmanager, Type: task_status_updated, Title: Task Updated
[CREATE_NOTIF] OK Created notification ID: 706
[CREATE_NOTIF] User: Jayveeamaro, Type: task_status_updated, Title: Task Status Updated
[CREATE_NOTIF] OK Created notification ID: 707
[CREATE_NOTIF] User: prodmanager, Type: task_status_updated, Title: Task Updated
[CREATE_NOTIF] OK Created notification ID: 708
[CREATE_NOTIF] User: Jayveeamaro, Type: task_status_updated, Title: Task Status Updated
[CREATE_NOTIF] OK Created notification ID: 709
[CREATE_NOTIF] User: prodmanager, Type: task_status_updated, Title: Task Updated
[CREATE_NOTIF] OK Created notification ID: 710
[CREATE_NOTIF] User: Jayveeamaro, Type: task_status_updated, Title: Task Status Updated
[CREATE_NOTIF] OK Created notification ID: 711
[CREATE_NOTIF] User: prodmanager, Type: task_status_updated, Title: Task Updated
[CREATE_NOTIF] OK Created notification ID: 712
[CREATE_NOTIF] User: Jayveeamaro, Type: task_status_updated, Title: Task Status Updated
[CREATE_NOTIF] OK Created notification ID: 713
[CREATE_NOTIF] User: prodmanager, Type: task_status_updated, Title: Task Updated
[CREATE_NOTIF] OK Created notification ID: 714
[CREATE_NOTIF] User: Jayveeamaro, Type: task_status_updated, Title: Task Status Updated
[CREATE_NOTIF] OK Created notification ID: 715
[CREATE_NOTIF] User: prodmanager, Type: task_status_updated, Title: Task Updated
[CREATE_NOTIF] OK Created notification ID: 716
[CREATE_NOTIF] User: Jayveeamaro, Type: task_status_updated, Title: Task Status Updated
[CREATE_NOTIF] OK Created notification ID: 717
[CREATE_NOTIF] User: prodmanager, Type: task_status_updated, Title: Task Updated
[CREATE_NOTIF] OK Created notification ID: 718
[CREATE_NOTIF] User: Jayveeamaro, Type: request_created, Title: New Request Assigned
[CREATE_NOTIF] OK Created notification ID: 719
[CREATE_NOTIF] User: testadmin, Type: request_created, Title: New Request Created by Admin
[CREATE_NOTIF] OK Created notification ID: 720
[CREATE_NOTIF] User: Jayveeamaro, Type: project_started, Title: Project Started for Request #75
[CREATE_NOTIF] OK Created notification ID: 721
[CREATE_NOTIF] User: prodmanager, Type: project_started, Title: Project Started for Request #75
[CREATE_NOTIF] OK Created notification ID: 722
[CREATE_NOTIF] User: admin_user, Type: project_started, Title: Project Started for Request #75
[CREATE_NOTIF] OK Created notification ID: 723
[CREATE_NOTIF] User: testadmin, Type: project_started, Title: Project Started for Request #75
[CREATE_NOTIF] OK Created notification ID: 724
[CREATE_NOTIF] User: Jayveeamaro, Type: request_created, Title: New Request Assigned
[CREATE_NOTIF] OK Created notification ID: 725
[CREATE_NOTIF] User: testadmin, Type: request_created, Title: New Request Created by Admin
[CREATE_NOTIF] OK Created notification ID: 726
[CREATE_NOTIF] User: Jayveeamaro, Type: request_created, Title: New Request Assigned
[CREATE_NOTIF] OK Created notification ID: 727
[CREATE_NOTIF] User: testadmin, Type: request_created, Title: New Request Created by Admin
[CREATE_NOTIF] OK Created notification ID: 728
[CREATE_NOTIF] User: Jayveeamaro, Type: task_status_updated, Title: Task Status Updated
[CREATE_NOTIF] OK Created notification ID: 729
[CREATE_NOTIF] User: prodmanager, Type: task_status_updated, Title: Task Updated
[CREATE_NOTIF] OK Created notification ID: 730
[CREATE_NOTIF] User: Jayveeamaro, Type: task_status_updated, Title: Task Status Updated
[CREATE_NOTIF] OK Created notification ID: 731
[CREATE_NOTIF] User: prodmanager, Type: task_status_updated, Title: Task Updated
[CREATE_NOTIF] OK Created notification ID: 732
[CREATE_NOTIF] User: Jayveeamaro, Type: product_completed, Title: Product Completed: BRACKET STAND-0556
[CREATE_NOTIF] OK Created notification ID: 733
[CREATE_NOTIF] User: admin_user, Type: product_completed, Title: Product Completed: BRACKET STAND-0556
[CREATE_NOTIF] OK Created notification ID: 734
[CREATE_NOTIF] User: testadmin, Type: product_completed, Title: Product Completed: BRACKET STAND-0556
[CREATE_NOTIF] OK Created notification ID: 735
[CREATE_NOTIF] User: Jayveeamaro, Type: request_created, Title: New Request Assigned
[CREATE_NOTIF] OK Created notification ID: 736
[CREATE_NOTIF] User: testadmin, Type: request_created, Title: New Request Created by Admin
[CREATE_NOTIF] OK Created notification ID: 737
[CREATE_NOTIF] User: Jayveeamaro, Type: project_started, Title: Project Started for Request #78
[CREATE_NOTIF] OK Created notification ID: 738
[CREATE_NOTIF] User: prodmanager, Type: project_started, Title: Project Started for Request #78
[CREATE_NOTIF] OK Created notification ID: 739
[CREATE_NOTIF] User: admin_user, Type: project_started, Title: Project Started for Request #78
[CREATE_NOTIF] OK Created notification ID: 740
[CREATE_NOTIF] User: testadmin, Type: project_started, Title: Project Started for Request #78
[CREATE_NOTIF] OK Created notification ID: 741
[CREATE_NOTIF] User: Jayveeamaro, Type: request_created, Title: New Request Assigned
[CREATE_NOTIF] OK Created notification ID: 742
[CREATE_NOTIF] User: testadmin, Type: request_created, Title: New Request Created by Admin
[CREATE_NOTIF] OK Created notification ID: 743
[CREATE_NOTIF] User: Jayveeamaro, Type: project_started, Title: Project Started for Request #79
[CREATE_NOTIF] OK Created notification ID: 744
[CREATE_NOTIF] User: prodmanager, Type: project_started, Title: Project Started for Request #79
[CREATE_NOTIF] OK Created notification ID: 745
[CREATE_NOTIF] User: admin_user, Type: project_started, Title: Project Started for Request #79
[CREATE_NOTIF] OK Created notification ID: 746
[CREATE_NOTIF] User: testadmin, Type: project_started, Title: Project Started for Request #79
[CREATE_NOTIF] OK Created notification ID: 747
[CREATE_NOTIF] User: Jayveeamaro, Type: request_created, Title: New Request Assigned
[CREATE_NOTIF] OK Created notification ID: 748
[CREATE_NOTIF] User: testadmin, Type: request_created, Title: New Request Created by Admin
[CREATE_NOTIF] OK Created notification ID: 749
[CREATE_NOTIF] User: Jayveeamaro, Type: project_started, Title: Project Started for Request #80
[CREATE_NOTIF] OK Created notification ID: 750
[CREATE_NOTIF] User: prodmanager, Type: project_started, Title: Project Started for Request #80
[CREATE_NOTIF] OK Created notification ID: 751
[CREATE_NOTIF] User: admin_user, Type: project_started, Title: Project Started for Request #80
[CREATE_NOTIF] OK Created notification ID: 752
[CREATE_NOTIF] User: testadmin, Type: project_started, Title: Project Started for Request #80
[CREATE_NOTIF] OK Created notification ID: 753
[CREATE_NOTIF] User: Jayveeamaro, Type: project_started, Title: Project Started for Request #65
[CREATE_NOTIF] OK Created notification ID: 754
[CREATE_NOTIF] User: prodmanager, Type: project_started, Title: Project Started for Request #65
[CREATE_NOTIF] OK Created notification ID: 755
[CREATE_NOTIF] User: admin_user, Type: project_started, Title: Project Started for Request #65
[CREATE_NOTIF] OK Created notification ID: 756
[CREATE_NOTIF] User: testadmin, Type: project_started, Title: Project Started for Request #65
[CREATE_NOTIF] OK Created notification ID: 757
[CREATE_NOTIF] User: Jayveeamaro, Type: project_started, Title: Project Started for Request #76
[CREATE_NOTIF] OK Created notification ID: 758
[CREATE_NOTIF] User: prodmanager, Type: project_started, Title: Project Started for Request #76
[CREATE_NOTIF] OK Created notification ID: 759
[CREATE_NOTIF] User: admin_user, Type: project_started, Title: Project Started for Request #76
[CREATE_NOTIF] OK Created notification ID: 760
[CREATE_NOTIF] User: testadmin, Type: project_started, Title: Project Started for Request #76
[CREATE_NOTIF] OK Created notification ID: 761
[CREATE_NOTIF] User: Jayveeamaro, Type: request_created, Title: New Request Assigned
[CREATE_NOTIF] OK Created notification ID: 762
[CREATE_NOTIF] User: testadmin, Type: request_created, Title: New Request Created by Admin
[CREATE_NOTIF] OK Created notification ID: 763
[CREATE_NOTIF] User: Jayveeamaro, Type: request_created, Title: New Request Assigned
[CREATE_NOTIF] OK Created notification ID: 764
[CREATE_NOTIF] User: testadmin, Type: request_created, Title: New Request Created by Admin
[CREATE_NOTIF] OK Created notification ID: 765
[CREATE_NOTIF] User: Jayveeamaro, Type: request_created, Title: New Request Assigned
[CREATE_NOTIF] OK Created notification ID: 766
[CREATE_NOTIF] User: testadmin, Type: request_created, Title: New Request Created by Admin
[CREATE_NOTIF] OK Created notification ID: 767
[CREATE_NOTIF] User: Jayveeamaro, Type: project_started, Title: Project Started for Request #86
[CREATE_NOTIF] OK Created notification ID: 768
[CREATE_NOTIF] User: prodmanager, Type: project_started, Title: Project Started for Request #86
[CREATE_NOTIF] OK Created notification ID: 769
[CREATE_NOTIF] User: admin_user, Type: project_started, Title: Project Started for Request #86
[CREATE_NOTIF] OK Created notification ID: 770
[CREATE_NOTIF] User: testadmin, Type: project_started, Title: Project Started for Request #86
[CREATE_NOTIF] OK Created notification ID: 771
[CREATE_NOTIF] User: Jayveeamaro, Type: project_started, Title: Project Started for Request #85
[CREATE_NOTIF] OK Created notification ID: 772
[CREATE_NOTIF] User: admin_user, Type: project_started, Title: Project Started for Request #85
[CREATE_NOTIF] OK Created notification ID: 773
[CREATE_NOTIF] User: testadmin, Type: project_started, Title: Project Started for Request #85
[CREATE_NOTIF] OK Created notification ID: 774
[CREATE_NOTIF] User: Jayveeamaro, Type: project_started, Title: Project Started for Request #85
[CREATE_NOTIF] OK Created notification ID: 775
[CREATE_NOTIF] User: admin_user, Type: project_started, Title: Project Started for Request #85
[CREATE_NOTIF] OK Created notification ID: 776
[CREATE_NOTIF] User: testadmin, Type: project_started, Title: Project Started for Request #85
[CREATE_NOTIF] OK Created notification ID: 777
[CREATE_NOTIF] User: Jayveeamaro, Type: request_created, Title: New Request Assigned
[CREATE_NOTIF] OK Created notification ID: 778
[CREATE_NOTIF] User: testadmin, Type: request_created, Title: New Request Created by Admin
[CREATE_NOTIF] OK Created notification ID: 779
[CREATE_NOTIF] User: Jayveeamaro, Type: project_started, Title: Project Started for Request #87
[CREATE_NOTIF] OK Created notification ID: 780
[CREATE_NOTIF] User: prodmanager, Type: project_started, Title: Project Started for Request #87
[CREATE_NOTIF] OK Created notification ID: 781
[CREATE_NOTIF] User: admin_user, Type: project_started, Title: Project Started for Request #87
[CREATE_NOTIF] OK Created notification ID: 782
[CREATE_NOTIF] User: testadmin, Type: project_started, Title: Project Started for Request #87
[CREATE_NOTIF] OK Created notification ID: 783
[CREATE_NOTIF] User: Jayveeamaro, Type: task_status_updated, Title: Task Status Updated
[CREATE_NOTIF] OK Created notification ID: 784
[CREATE_NOTIF] User: prodmanager, Type: task_status_updated, Title: Task Updated
[CREATE_NOTIF] OK Created notification ID: 785
[CREATE_NOTIF] User: Jayveeamaro, Type: task_status_updated, Title: Task Status Updated
[CREATE_NOTIF] OK Created notification ID: 786
[CREATE_NOTIF] User: prodmanager, Type: task_status_updated, Title: Task Updated
[CREATE_NOTIF] OK Created notification ID: 787
[CREATE_NOTIF] User: Jayveeamaro, Type: task_status_updated, Title: Task Status Updated
[CREATE_NOTIF] OK Created notification ID: 788
[CREATE_NOTIF] User: prodmanager, Type: task_status_updated, Title: Task Updated
[CREATE_NOTIF] OK Created notification ID: 789
[CREATE_NOTIF] User: Jayveeamaro, Type: request_created, Title: New Request Assigned
[CREATE_NOTIF] OK Created notification ID: 790
[CREATE_NOTIF] User: testadmin, Type: request_created, Title: New Request Created by Admin
[CREATE_NOTIF] OK Created notification ID: 791
[CREATE_NOTIF] User: Jayveeamaro, Type: project_started, Title: Project Started for Request #88
[CREATE_NOTIF] OK Created notification ID: 792
[CREATE_NOTIF] User: prodmanager, Type: project_started, Title: Project Started for Request #88
[CREATE_NOTIF] OK Created notification ID: 793
[CREATE_NOTIF] User: admin_user, Type: project_started, Title: Project Started for Request #88
[CREATE_NOTIF] OK Created notification ID: 794
[CREATE_NOTIF] User: testadmin, Type: project_started, Title: Project Started for Request #88
[CREATE_NOTIF] OK Created notification ID: 795
[CREATE_NOTIF] User: Jayveeamaro, Type: task_status_updated, Title: Task Status Updated
[CREATE_NOTIF] OK Created notification ID: 796
[CREATE_NOTIF] User: prodmanager, Type: task_status_updated, Title: Task Updated
[CREATE_NOTIF] OK Created notification ID: 797
[CREATE_NOTIF] User: Jayveeamaro, Type: task_status_updated, Title: Task Status Updated
[CREATE_NOTIF] OK Created notification ID: 798
[CREATE_NOTIF] User: prodmanager, Type: task_status_updated, Title: Task Updated
[CREATE_NOTIF] OK Created notification ID: 799
[CREATE_NOTIF] User: Jayveeamaro, Type: request_created, Title: New Request Assigned
[CREATE_NOTIF] OK Created notification ID: 800
[CREATE_NOTIF] User: testadmin, Type: request_created, Title: New Request Created by Admin
[CREATE_NOTIF] OK Created notification ID: 801
[CREATE_NOTIF] User: Jayveeamaro, Type: task_status_updated, Title: Task Status Updated
[CREATE_NOTIF] OK Created notification ID: 802
[CREATE_NOTIF] User: prodmanager, Type: task_status_updated, Title: Task Updated
[CREATE_NOTIF] OK Created notification ID: 803
[CREATE_NOTIF] User: Jayveeamaro, Type: task_status_updated, Title: Task Status Updated
[CREATE_NOTIF] OK Created notification ID: 804
[CREATE_NOTIF] User: prodmanager, Type: task_status_updated, Title: Task Updated
[CREATE_NOTIF] OK Created notification ID: 805
[CREATE_NOTIF] User: Jayveeamaro, Type: request_created, Title: New Request Assigned
[CREATE_NOTIF] OK Created notification ID: 806
[CREATE_NOTIF] User: testadmin, Type: request_created, Title: New Request Created by Admin
[CREATE_NOTIF] OK Created notification ID: 807
[CREATE_NOTIF] User: Jayveeamaro, Type: task_status_updated, Title: Task Status Updated
[CREATE_NOTIF] OK Created notification ID: 808
[CREATE_NOTIF] User: prodmanager, Type: task_status_updated, Title: Task Updated
[CREATE_NOTIF] OK Created notification ID: 809
[CREATE_NOTIF] User: Jayveeamaro, Type: project_started, Title: Project Started for Request #64
[CREATE_NOTIF] OK Created notification ID: 810
[CREATE_NOTIF] User: prodmanager, Type: project_started, Title: Project Started for Request #64
[CREATE_NOTIF] OK Created notification ID: 811
[CREATE_NOTIF] User: admin_user, Type: project_started, Title: Project Started for Request #64
[CREATE_NOTIF] OK Created notification ID: 812
[CREATE_NOTIF] User: testadmin, Type: project_started, Title: Project Started for Request #64
[CREATE_NOTIF] OK Created notification ID: 813
[CREATE_NOTIF] User: Jayveeamaro, Type: task_status_updated, Title: Task Status Updated
[CREATE_NOTIF] OK Created notification ID: 814
[CREATE_NOTIF] User: prodmanager, Type: task_status_updated, Title: Task Updated
[CREATE_NOTIF] OK Created notification ID: 815
[CREATE_NOTIF] User: Jayveeamaro, Type: request_created, Title: New Request Assigned
[CREATE_NOTIF] OK Created notification ID: 816
[CREATE_NOTIF] User: testadmin, Type: request_created, Title: New Request Created by Admin
[CREATE_NOTIF] OK Created notification ID: 817
[CREATE_NOTIF] User: Jayveeamaro, Type: task_status_updated, Title: Task Status Updated
[CREATE_NOTIF] OK Created notification ID: 818
[CREATE_NOTIF] User: prodmanager, Type: task_status_updated, Title: Task Updated
[CREATE_NOTIF] OK Created notification ID: 819
[CREATE_NOTIF] User: Jayveeamaro, Type: task_status_updated, Title: Task Status Updated
[CREATE_NOTIF] OK Created notification ID: 820
[CREATE_NOTIF] User: prodmanager, Type: task_status_updated, Title: Task Updated
[CREATE_NOTIF] OK Created notification ID: 821
[CREATE_NOTIF] User: Jayveeamaro, Type: task_status_updated, Title: Task Status Updated
[CREATE_NOTIF] OK Created notification ID: 822
[CREATE_NOTIF] User: prodmanager, Type: task_status_updated, Title: Task Updated
[CREATE_NOTIF] OK Created notification ID: 823
[CREATE_NOTIF] User: Jayveeamaro, Type: task_status_updated, Title: Task Status Updated
[CREATE_NOTIF] OK Created notification ID: 824
[CREATE_NOTIF] User: prodmanager, Type: task_status_updated, Title: Task Updated
[CREATE_NOTIF] OK Created notification ID: 825
[CREATE_NOTIF] User: Jayveeamaro, Type: task_status_updated, Title: Task Status Updated
[CREATE_NOTIF] OK Created notification ID: 826
[CREATE_NOTIF] User: prodmanager, Type: task_status_updated, Title: Task Updated
[CREATE_NOTIF] OK Created notification ID: 827
[CREATE_NOTIF] User: Jayveeamaro, Type: task_status_updated, Title: Task Status Updated
[CREATE_NOTIF] OK Created notification ID: 828
[CREATE_NOTIF] User: prodmanager, Type: task_status_updated, Title: Task Updated
[CREATE_NOTIF] OK Created notification ID: 829
[CREATE_NOTIF] User: Jayveeamaro, Type: task_status_updated, Title: Task Status Updated
[CREATE_NOTIF] OK Created notification ID: 830
[CREATE_NOTIF] User: prodmanager, Type: task_status_updated, Title: Task Updated
[CREATE_NOTIF] OK Created notification ID: 831
[CREATE_NOTIF] User: Jayveeamaro, Type: task_status_updated, Title: Task Status Updated
[CREATE_NOTIF] OK Created notification ID: 832
[CREATE_NOTIF] User: prodmanager, Type: task_status_updated, Title: Task Updated
[CREATE_NOTIF] OK Created notification ID: 833
[CREATE_NOTIF] User: Jayveeamaro, Type: request_created, Title: New Request Assigned
[CREATE_NOTIF] OK Created notification ID: 834
[CREATE_NOTIF] User: testadmin, Type: request_created, Title: New Request Created by Admin
[CREATE_NOTIF] OK Created notification ID: 835
[CREATE_NOTIF] User: Jayveeamaro, Type: request_created, Title: New Request Assigned
[CREATE_NOTIF] OK Created notification ID: 836
[CREATE_NOTIF] User: testadmin, Type: request_created, Title: New Request Created by Admin
[CREATE_NOTIF] OK Created notification ID: 837
[CREATE_NOTIF] User: Jayveeamaro, Type: project_started, Title: Project Started for Request #93
[CREATE_NOTIF] OK Created notification ID: 838
[CREATE_NOTIF] User: prodmanager, Type: project_started, Title: Project Started for Request #93
[CREATE_NOTIF] OK Created notification ID: 839
[CREATE_NOTIF] User: admin_user, Type: project_started, Title: Project Started for Request #93
[CREATE_NOTIF] OK Created notification ID: 840
[CREATE_NOTIF] User: testadmin, Type: project_started, Title: Project Started for Request #93
[CREATE_NOTIF] OK Created notification ID: 841
[CREATE_NOTIF] User: Jayveeamaro, Type: request_created, Title: New Request Assigned
[CREATE_NOTIF] OK Created notification ID: 842
[CREATE_NOTIF] User: testadmin, Type: request_created, Title: New Request Created by Admin
[CREATE_NOTIF] OK Created notification ID: 843
[CREATE_NOTIF] User: isuzu_ph, Type: request_created, Title: New Request Assigned
[CREATE_NOTIF] OK Created notification ID: 845
[CREATE_NOTIF] User: admin_user, Type: request_created, Title: Purchase Order Created
[CREATE_NOTIF] OK Created notification ID: 846
[CREATE_NOTIF] User: testadmin, Type: request_created, Title: New Request Created by Admin
[CREATE_NOTIF] OK Created notification ID: 847
[CREATE_NOTIF] User: prodmanager, Type: request_created, Title: New Purchase Order Created
[CREATE_NOTIF] OK Created notification ID: 848
[CREATE_NOTIF] User: isuzu_ph, Type: project_started, Title: Project Started for Request #95
[CREATE_NOTIF] OK Created notification ID: 849
[CREATE_NOTIF] User: prodmanager, Type: project_started, Title: Project Started for Request #95
[CREATE_NOTIF] OK Created notification ID: 850
[CREATE_NOTIF] User: admin_user, Type: project_started, Title: Project Started for Request #95
[CREATE_NOTIF] OK Created notification ID: 851
[CREATE_NOTIF] User: testadmin, Type: project_started, Title: Project Started for Request #95
[CREATE_NOTIF] OK Created notification ID: 852
[CREATE_NOTIF] User: isuzu_ph, Type: task_status_updated, Title: Task Status Updated
[CREATE_NOTIF] OK Created notification ID: 853
[CREATE_NOTIF] User: prodmanager, Type: task_status_updated, Title: Task Updated
[CREATE_NOTIF] OK Created notification ID: 854
